# JRE version: Java(TM) SE Runtime Environment (24.0.2+12) (build 24.0.2+12-54)
# Java VM: Java HotSpot(TM) 64-Bit Server VM (24.0.2+12-54, mixed mode, sharing, tiered, compressed oops, compressed class ptrs, g1 gc, windows-amd64)
GC Precious Log:
 CardTable entry size: 512
 Card Set container configuration: InlinePtr #cards 4 size 8 Array Of Cards #cards 32 size 80 Howl #buckets 8 coarsen threshold 7372 Howl Bitmap #cards 1024 size 144 coarsen threshold 921 Card regions per heap region 1 cards per card region 8192
 CPUs: 16 total, 16 available
 Memory: 32060M
 Large Page Support: Disabled
 NUMA Support: Disabled
 Compressed Oops: Enabled (Zero based)
 Heap Region Size: 4M
 Heap Min Capacity: 8M
 Heap Initial Capacity: 504M
 Heap Max Capacity: 8016M
 Pre-touch: Disabled
 Parallel Workers: 13
 Concurrent Workers: 3
 Concurrent Refinement Workers: 13
 Periodic GC: Disabled
Heap:
 garbage-first heap   total reserved 8208384K, committed 274432K, used 138506K [0x000000060b000000, 0x0000000800000000)
  region size 4096K, 13 young (53248K), 4 survivors (16384K)
 Metaspace       used 37350K, committed 37824K, reserved 1114112K
  class space    used 3467K, committed 3712K, reserved 1048576K
GC Heap History (20 events):
Event: 12.153 GC heap before
{Heap before GC invocations=10 (full 0):
 garbage-first heap   total reserved 8208384K, committed 159744K, used 133275K [0x000000060b000000, 0x0000000800000000)
  region size 4096K, 13 young (53248K), 2 survivors (8192K)
 Metaspace       used 28929K, committed 29376K, reserved 1114112K
  class space    used 2698K, committed 2880K, reserved 1048576K
}
Event: 12.174 GC heap after
{Heap after GC invocations=11 (full 0):
 garbage-first heap   total reserved 8208384K, committed 159744K, used 91723K [0x000000060b000000, 0x0000000800000000)
  region size 4096K, 2 young (8192K), 2 survivors (8192K)
 Metaspace       used 28929K, committed 29376K, reserved 1114112K
  class space    used 2698K, committed 2880K, reserved 1048576K
}
Event: 12.983 GC heap before
{Heap before GC invocations=11 (full 0):
 garbage-first heap   total reserved 8208384K, committed 159744K, used 132683K [0x000000060b000000, 0x0000000800000000)
  region size 4096K, 12 young (49152K), 2 survivors (8192K)
 Metaspace       used 30631K, committed 31040K, reserved 1114112K
  class space    used 2892K, committed 3072K, reserved 1048576K
}
Event: 12.995 GC heap after
{Heap after GC invocations=12 (full 0):
 garbage-first heap   total reserved 8208384K, committed 159744K, used 94275K [0x000000060b000000, 0x0000000800000000)
  region size 4096K, 1 young (4096K), 1 survivors (4096K)
 Metaspace       used 30631K, committed 31040K, reserved 1114112K
  class space    used 2892K, committed 3072K, reserved 1048576K
}
Event: 13.529 GC heap before
{Heap before GC invocations=13 (full 0):
 garbage-first heap   total reserved 8208384K, committed 163840K, used 135235K [0x000000060b000000, 0x0000000800000000)
  region size 4096K, 11 young (45056K), 1 survivors (4096K)
 Metaspace       used 31288K, committed 31744K, reserved 1114112K
  class space    used 2931K, committed 3136K, reserved 1048576K
}
Event: 13.534 GC heap after
{Heap after GC invocations=14 (full 0):
 garbage-first heap   total reserved 8208384K, committed 163840K, used 95178K [0x000000060b000000, 0x0000000800000000)
  region size 4096K, 1 young (4096K), 1 survivors (4096K)
 Metaspace       used 31288K, committed 31744K, reserved 1114112K
  class space    used 2931K, committed 3136K, reserved 1048576K
}
Event: 13.739 GC heap before
{Heap before GC invocations=14 (full 0):
 garbage-first heap   total reserved 8208384K, committed 163840K, used 140234K [0x000000060b000000, 0x0000000800000000)
  region size 4096K, 12 young (49152K), 1 survivors (4096K)
 Metaspace       used 31542K, committed 32000K, reserved 1114112K
  class space    used 2933K, committed 3136K, reserved 1048576K
}
Event: 13.749 GC heap after
{Heap after GC invocations=15 (full 0):
 garbage-first heap   total reserved 8208384K, committed 274432K, used 93788K [0x000000060b000000, 0x0000000800000000)
  region size 4096K, 1 young (4096K), 1 survivors (4096K)
 Metaspace       used 31542K, committed 32000K, reserved 1114112K
  class space    used 2933K, committed 3136K, reserved 1048576K
}
Event: 14.356 GC heap before
{Heap before GC invocations=15 (full 0):
 garbage-first heap   total reserved 8208384K, committed 274432K, used 224860K [0x000000060b000000, 0x0000000800000000)
  region size 4096K, 33 young (135168K), 1 survivors (4096K)
 Metaspace       used 31822K, committed 32256K, reserved 1114112K
  class space    used 2933K, committed 3136K, reserved 1048576K
}
Event: 14.362 GC heap after
{Heap after GC invocations=16 (full 0):
 garbage-first heap   total reserved 8208384K, committed 274432K, used 95068K [0x000000060b000000, 0x0000000800000000)
  region size 4096K, 2 young (8192K), 2 survivors (8192K)
 Metaspace       used 31822K, committed 32256K, reserved 1114112K
  class space    used 2933K, committed 3136K, reserved 1048576K
}
Event: 14.785 GC heap before
{Heap before GC invocations=16 (full 0):
 garbage-first heap   total reserved 8208384K, committed 274432K, used 230236K [0x000000060b000000, 0x0000000800000000)
  region size 4096K, 35 young (143360K), 2 survivors (8192K)
 Metaspace       used 31880K, committed 32320K, reserved 1114112K
  class space    used 2933K, committed 3136K, reserved 1048576K
}
Event: 14.792 GC heap after
{Heap after GC invocations=17 (full 0):
 garbage-first heap   total reserved 8208384K, committed 274432K, used 96468K [0x000000060b000000, 0x0000000800000000)
  region size 4096K, 2 young (8192K), 2 survivors (8192K)
 Metaspace       used 31880K, committed 32320K, reserved 1114112K
  class space    used 2933K, committed 3136K, reserved 1048576K
}
Event: 15.487 GC heap before
{Heap before GC invocations=17 (full 0):
 garbage-first heap   total reserved 8208384K, committed 274432K, used 239828K [0x000000060b000000, 0x0000000800000000)
  region size 4096K, 37 young (151552K), 2 survivors (8192K)
 Metaspace       used 32048K, committed 32448K, reserved 1114112K
  class space    used 2954K, committed 3136K, reserved 1048576K
}
Event: 15.493 GC heap after
{Heap after GC invocations=18 (full 0):
 garbage-first heap   total reserved 8208384K, committed 274432K, used 98593K [0x000000060b000000, 0x0000000800000000)
  region size 4096K, 3 young (12288K), 3 survivors (12288K)
 Metaspace       used 32048K, committed 32448K, reserved 1114112K
  class space    used 2954K, committed 3136K, reserved 1048576K
}
Event: 15.871 GC heap before
{Heap before GC invocations=18 (full 0):
 garbage-first heap   total reserved 8208384K, committed 274432K, used 237857K [0x000000060b000000, 0x0000000800000000)
  region size 4096K, 37 young (151552K), 3 survivors (12288K)
 Metaspace       used 32094K, committed 32512K, reserved 1114112K
  class space    used 2954K, committed 3136K, reserved 1048576K
}
Event: 15.879 GC heap after
{Heap after GC invocations=19 (full 0):
 garbage-first heap   total reserved 8208384K, committed 274432K, used 99551K [0x000000060b000000, 0x0000000800000000)
  region size 4096K, 3 young (12288K), 3 survivors (12288K)
 Metaspace       used 32094K, committed 32512K, reserved 1114112K
  class space    used 2954K, committed 3136K, reserved 1048576K
}
Event: 17.160 GC heap before
{Heap before GC invocations=20 (full 0):
 garbage-first heap   total reserved 8208384K, committed 274432K, used 238815K [0x000000060b000000, 0x0000000800000000)
  region size 4096K, 37 young (151552K), 3 survivors (12288K)
 Metaspace       used 32398K, committed 32832K, reserved 1114112K
  class space    used 2995K, committed 3200K, reserved 1048576K
}
Event: 17.169 GC heap after
{Heap after GC invocations=21 (full 0):
 garbage-first heap   total reserved 8208384K, committed 274432K, used 102445K [0x000000060b000000, 0x0000000800000000)
  region size 4096K, 3 young (12288K), 3 survivors (12288K)
 Metaspace       used 32398K, committed 32832K, reserved 1114112K
  class space    used 2995K, committed 3200K, reserved 1048576K
}
Event: 19.367 GC heap before
{Heap before GC invocations=21 (full 0):
 garbage-first heap   total reserved 8208384K, committed 274432K, used 241709K [0x000000060b000000, 0x0000000800000000)
  region size 4096K, 37 young (151552K), 3 survivors (12288K)
 Metaspace       used 37090K, committed 37568K, reserved 1114112K
  class space    used 3445K, committed 3712K, reserved 1048576K
}
Event: 19.378 GC heap after
{Heap after GC invocations=22 (full 0):
 garbage-first heap   total reserved 8208384K, committed 274432K, used 105738K [0x000000060b000000, 0x0000000800000000)
  region size 4096K, 4 young (16384K), 4 survivors (16384K)
 Metaspace       used 37090K, committed 37568K, reserved 1114112K
  class space    used 3445K, committed 3712K, reserved 1048576K
}

